<?xml version="1.0" encoding="UTF-8"?>
<!-- Generated by org.testng.reporters.JUnitXMLReporter -->
<testsuite hostname="LAPTOP-OFIJ2E99" ignored="0" name="TestOnfirefox" tests="3" failures="0" timestamp="2019-10-09T01:14:04 EDT" time="25.596" errors="0">
  <testcase name="launchIETest" time="0.045" classname="seleniumPractice.IE_driverDemo"/>
  <testcase name="launchIETest" time="0.028" classname="seleniumPractice.IE_driverDemo"/>
  <testcase name="launchIETest" time="0.015" classname="seleniumPractice.IE_driverDemo"/>
</testsuite> <!-- TestOnfirefox -->
