<?xml version="1.0" encoding="UTF-8"?>
<testng-results skipped="0" failed="0" ignored="0" total="1" passed="1">
  <reporter-output>
  </reporter-output>
  <suite name="Suite" duration-ms="25596" started-at="2019-10-09T01:13:38 EDT" finished-at="2019-10-09T01:14:04 EDT">
    <groups>
    </groups>
    <test name="TestOnfirefox" duration-ms="25596" started-at="2019-10-09T01:13:38 EDT" finished-at="2019-10-09T01:14:04 EDT">
      <class name="seleniumPractice.IE_driverDemo">
        <test-method status="PASS" signature="setUp(java.lang.String)[pri:0, instance:seleniumPractice.IE_driverDemo@5e57643e]" name="setUp" is-config="true" duration-ms="19584" started-at="2019-10-09T01:13:38 EDT" finished-at="2019-10-09T01:13:58 EDT">
          <params>
            <param index="0">
              <value>
                <![CDATA[firefox]]>
              </value>
            </param>
          </params>
          <reporter-output>
          </reporter-output>
        </test-method> <!-- setUp -->
        <test-method status="PASS" signature="launchIETest()[pri:0, instance:seleniumPractice.IE_driverDemo@5e57643e]" name="launchIETest" duration-ms="15" started-at="2019-10-09T01:13:58 EDT" finished-at="2019-10-09T01:13:58 EDT">
          <reporter-output>
          </reporter-output>
        </test-method> <!-- launchIETest -->
        <test-method status="PASS" signature="tearDown()[pri:0, instance:seleniumPractice.IE_driverDemo@5e57643e]" name="tearDown" is-config="true" duration-ms="5933" started-at="2019-10-09T01:13:58 EDT" finished-at="2019-10-09T01:14:04 EDT">
          <reporter-output>
          </reporter-output>
        </test-method> <!-- tearDown -->
      </class> <!-- seleniumPractice.IE_driverDemo -->
    </test> <!-- TestOnfirefox -->
  </suite> <!-- Suite -->
</testng-results>
